<?xml version="1.0" encoding="UTF-8"?>
<!-- Generated by org.testng.reporters.JUnitReportReporter -->
<testsuite hostname="QSIH-00493" name="com.hs.tests.LoginTest" tests="3" failures="0" timestamp="25 May 2016 09:54:38 GMT" time="16.650" errors="0">
  <testcase name="getCelebrationsdetails" time="4.972" classname="com.hs.tests.LoginTest"/>
  <testcase name="MyRequestStatusDetails" time="5.031" classname="com.hs.tests.LoginTest"/>
  <testcase name="clickonSubmitButton" time="6.647" classname="com.hs.tests.LoginTest"/>
</testsuite> <!-- com.hs.tests.LoginTest -->
