<?xml version="1.0" encoding="UTF-8"?>
<!-- Generated by org.testng.reporters.JUnitReportReporter -->
<testsuite hostname="QSIH-00493" name="com.hs.tests.LoginPage" tests="1" failures="1" timestamp="18 Mar 2016 04:48:04 GMT" time="0.001" errors="0">
  <testcase name="LoginScrron" time="0.001" classname="com.hs.tests.LoginPage">
    <failure type="org.openqa.selenium.WebDriverException" message="Failed to connect to binary FirefoxBinary(C:\Program Files (x86)\Mozilla Firefox\firefox.exe) on port 7055; process output follows: 
76439304	addons.xpi	DEBUG	getModTime: Recursive scan of {972ce4c6-7e08-4474-a285-3208198ce6fd}
1458276439305	addons.xpi	DEBUG	Existing add-on {972ce4c6-7e08-4474-a285-3208198ce6fd} in app-global
1458276439305	addons.xpi	DEBUG	Existing add-on adapter@gingersoftware.com in winreg-app-global
1458276439305	addons.xpi	DEBUG	getInstallState changed: false, state: {&quot;app-profile&quot;:{&quot;fxdriver@googlecode.com&quot;:{&quot;d&quot;:&quot;C:\\Users\\MANJUN~1\\AppData\\Local\\Temp\\anonymous6839649628867850150webdriver-profile\\extensions\\fxdriver@googlecode.com&quot;,&quot;e&quot;:false,&quot;v&quot;:&quot;2.45.0&quot;,&quot;st&quot;:1458276437708,&quot;mt&quot;:1458276437693}},&quot;app-global&quot;:{&quot;{972ce4c6-7e08-4474-a285-3208198ce6fd}&quot;:{&quot;d&quot;:&quot;C:\\Program Files (x86)\\Mozilla Firefox\\browser\\extensions\\{972ce4c6-7e08-4474-a285-3208198ce6fd}&quot;,&quot;e&quot;:true,&quot;v&quot;:&quot;44.0.2&quot;,&quot;st&quot;:1455705151660,&quot;mt&quot;:1455705151544}},&quot;winreg-app-global&quot;:{&quot;adapter@gingersoftware.com&quot;:{&quot;d&quot;:&quot;C:\\Program Files (x86)\\Ginger\\Mozilla\\adapter@gingersoftware.com&quot;,&quot;e&quot;:false,&quot;v&quot;:&quot;0.1&quot;,&quot;st&quot;:1439370523321,&quot;mt&quot;:1438605848000}}}
1458276439306	addons.xpi	DEBUG	No changes found
1458276439311	addons.manager	DEBUG	Registering shutdown blocker for XPIProvider
1458276439311	addons.manager	DEBUG	Provider finished startup: XPIProvider
1458276439311	addons.manager	DEBUG	Starting provider: LightweightThemeManager
1458276439311	addons.manager	DEBUG	Registering shutdown blocker for LightweightThemeManager
1458276439311	addons.manager	DEBUG	Provider finished startup: LightweightThemeManager
1458276439312	addons.manager	DEBUG	Starting provider: GMPProvider
1458276439315	addons.manager	DEBUG	Registering shutdown blocker for GMPProvider
1458276439315	addons.manager	DEBUG	Provider finished startup: GMPProvider
1458276439315	addons.manager	DEBUG	Starting provider: PluginProvider
1458276439315	addons.manager	DEBUG	Registering shutdown blocker for PluginProvider
1458276439315	addons.manager	DEBUG	Provider finished startup: PluginProvider
1458276439315	addons.manager	DEBUG	Completed startup sequence
Crash Annotation GraphicsCriticalError: |[0][GFX1-]: PossiblyBrokenSurfaceSharing_UnexpectedAMDGPU[GFX1-]: PossiblyBrokenSurfaceSharing_UnexpectedAMDGPU
Crash Annotation GraphicsCriticalError: |[0][GFX1-]: PossiblyBrokenSurfaceSharing_UnexpectedAMDGPU|[1][GFX1-]: PossiblyBrokenSurfaceSharing_UnexpectedAMDGPU[GFX1-]: PossiblyBrokenSurfaceSharing_UnexpectedAMDGPU
1458276439403	addons.xpi-utils	DEBUG	Starting async load of XPI database C:\Users\MANJUN~1\AppData\Local\Temp\anonymous6839649628867850150webdriver-profile\extensions.json
*** Blocklist::_loadBlocklistFromFile: blocklist is disabled
1458276439473	addons.manager	DEBUG	Starting provider: &lt;unnamed-provider&gt;
1458276439473	addons.manager	DEBUG	Registering shutdown blocker for &lt;unnamed-provider&gt;
1458276439473	addons.manager	DEBUG	Provider finished startup: &lt;unnamed-provider&gt;
1458276439533	addons.xpi-utils	DEBUG	Async JSON file read took 0 MS
1458276439533	addons.xpi-utils	DEBUG	Finished async read of XPI database, parsing...
1458276439534	addons.xpi-utils	DEBUG	Successfully read XPI database
1458276439576	addons.manager	DEBUG	Starting provider: PreviousExperimentProvider
1458276439576	addons.manager	DEBUG	Registering shutdown blocker for PreviousExperimentProvider
1458276439577	addons.manager	DEBUG	Provider finished startup: PreviousExperimentProvider
1458276442954	addons.manager	DEBUG	shutdown
1458276442954	addons.manager	DEBUG	Calling shutdown blocker for XPIProvider
1458276442954	addons.xpi	DEBUG	shutdown
1458276442954	addons.xpi-utils	DEBUG	shutdown
1458276442954	addons.manager	DEBUG	Calling shutdown blocker for LightweightThemeManager
1458276442955	addons.manager	DEBUG	Calling shutdown blocker for GMPProvider
1458276442955	addons.manager	DEBUG	Calling shutdown blocker for PluginProvider
1458276442956	addons.manager	DEBUG	Calling shutdown blocker for &lt;unnamed-provider&gt;
1458276442956	addons.manager	DEBUG	Calling shutdown blocker for PreviousExperimentProvider
1458276442958	addons.xpi	DEBUG	Notifying XPI shutdown observers
1458276442961	addons.manager	DEBUG	Async provider shutdown done

Build info: version: &#039;2.45.0&#039;, revision: &#039;5017cb8&#039;, time: &#039;2015-02-26 23:59:50&#039;
System info: host: &#039;QSIH-00493&#039;, ip: &#039;10.145.8.225&#039;, os.name: &#039;Windows 7&#039;, os.arch: &#039;amd64&#039;, os.version: &#039;6.1&#039;, java.version: &#039;1.8.0_65&#039;
Driver info: driver.version: FirefoxDriver">
      <![CDATA[org.openqa.selenium.WebDriverException: Failed to connect to binary FirefoxBinary(C:\Program Files (x86)\Mozilla Firefox\firefox.exe) on port 7055; process output follows: 
76439304	addons.xpi	DEBUG	getModTime: Recursive scan of {972ce4c6-7e08-4474-a285-3208198ce6fd}
1458276439305	addons.xpi	DEBUG	Existing add-on {972ce4c6-7e08-4474-a285-3208198ce6fd} in app-global
1458276439305	addons.xpi	DEBUG	Existing add-on adapter@gingersoftware.com in winreg-app-global
1458276439305	addons.xpi	DEBUG	getInstallState changed: false, state: {"app-profile":{"fxdriver@googlecode.com":{"d":"C:\\Users\\MANJUN~1\\AppData\\Local\\Temp\\anonymous6839649628867850150webdriver-profile\\extensions\\fxdriver@googlecode.com","e":false,"v":"2.45.0","st":1458276437708,"mt":1458276437693}},"app-global":{"{972ce4c6-7e08-4474-a285-3208198ce6fd}":{"d":"C:\\Program Files (x86)\\Mozilla Firefox\\browser\\extensions\\{972ce4c6-7e08-4474-a285-3208198ce6fd}","e":true,"v":"44.0.2","st":1455705151660,"mt":1455705151544}},"winreg-app-global":{"adapter@gingersoftware.com":{"d":"C:\\Program Files (x86)\\Ginger\\Mozilla\\adapter@gingersoftware.com","e":false,"v":"0.1","st":1439370523321,"mt":1438605848000}}}
1458276439306	addons.xpi	DEBUG	No changes found
1458276439311	addons.manager	DEBUG	Registering shutdown blocker for XPIProvider
1458276439311	addons.manager	DEBUG	Provider finished startup: XPIProvider
1458276439311	addons.manager	DEBUG	Starting provider: LightweightThemeManager
1458276439311	addons.manager	DEBUG	Registering shutdown blocker for LightweightThemeManager
1458276439311	addons.manager	DEBUG	Provider finished startup: LightweightThemeManager
1458276439312	addons.manager	DEBUG	Starting provider: GMPProvider
1458276439315	addons.manager	DEBUG	Registering shutdown blocker for GMPProvider
1458276439315	addons.manager	DEBUG	Provider finished startup: GMPProvider
1458276439315	addons.manager	DEBUG	Starting provider: PluginProvider
1458276439315	addons.manager	DEBUG	Registering shutdown blocker for PluginProvider
1458276439315	addons.manager	DEBUG	Provider finished startup: PluginProvider
1458276439315	addons.manager	DEBUG	Completed startup sequence
Crash Annotation GraphicsCriticalError: |[0][GFX1-]: PossiblyBrokenSurfaceSharing_UnexpectedAMDGPU[GFX1-]: PossiblyBrokenSurfaceSharing_UnexpectedAMDGPU
Crash Annotation GraphicsCriticalError: |[0][GFX1-]: PossiblyBrokenSurfaceSharing_UnexpectedAMDGPU|[1][GFX1-]: PossiblyBrokenSurfaceSharing_UnexpectedAMDGPU[GFX1-]: PossiblyBrokenSurfaceSharing_UnexpectedAMDGPU
1458276439403	addons.xpi-utils	DEBUG	Starting async load of XPI database C:\Users\MANJUN~1\AppData\Local\Temp\anonymous6839649628867850150webdriver-profile\extensions.json
*** Blocklist::_loadBlocklistFromFile: blocklist is disabled
1458276439473	addons.manager	DEBUG	Starting provider: <unnamed-provider>
1458276439473	addons.manager	DEBUG	Registering shutdown blocker for <unnamed-provider>
1458276439473	addons.manager	DEBUG	Provider finished startup: <unnamed-provider>
1458276439533	addons.xpi-utils	DEBUG	Async JSON file read took 0 MS
1458276439533	addons.xpi-utils	DEBUG	Finished async read of XPI database, parsing...
1458276439534	addons.xpi-utils	DEBUG	Successfully read XPI database
1458276439576	addons.manager	DEBUG	Starting provider: PreviousExperimentProvider
1458276439576	addons.manager	DEBUG	Registering shutdown blocker for PreviousExperimentProvider
1458276439577	addons.manager	DEBUG	Provider finished startup: PreviousExperimentProvider
1458276442954	addons.manager	DEBUG	shutdown
1458276442954	addons.manager	DEBUG	Calling shutdown blocker for XPIProvider
1458276442954	addons.xpi	DEBUG	shutdown
1458276442954	addons.xpi-utils	DEBUG	shutdown
1458276442954	addons.manager	DEBUG	Calling shutdown blocker for LightweightThemeManager
1458276442955	addons.manager	DEBUG	Calling shutdown blocker for GMPProvider
1458276442955	addons.manager	DEBUG	Calling shutdown blocker for PluginProvider
1458276442956	addons.manager	DEBUG	Calling shutdown blocker for <unnamed-provider>
1458276442956	addons.manager	DEBUG	Calling shutdown blocker for PreviousExperimentProvider
1458276442958	addons.xpi	DEBUG	Notifying XPI shutdown observers
1458276442961	addons.manager	DEBUG	Async provider shutdown done

Build info: version: '2.45.0', revision: '5017cb8', time: '2015-02-26 23:59:50'
System info: host: 'QSIH-00493', ip: '10.145.8.225', os.name: 'Windows 7', os.arch: 'amd64', os.version: '6.1', java.version: '1.8.0_65'
Driver info: driver.version: FirefoxDriver
	at org.openqa.selenium.firefox.internal.NewProfileExtensionConnection.start(NewProfileExtensionConnection.java:130)
	at org.openqa.selenium.firefox.FirefoxDriver.startClient(FirefoxDriver.java:246)
	at org.openqa.selenium.remote.RemoteWebDriver.<init>(RemoteWebDriver.java:114)
	at org.openqa.selenium.firefox.FirefoxDriver.<init>(FirefoxDriver.java:193)
	at org.openqa.selenium.firefox.FirefoxDriver.<init>(FirefoxDriver.java:186)
	at org.openqa.selenium.firefox.FirefoxDriver.<init>(FirefoxDriver.java:182)
	at org.openqa.selenium.firefox.FirefoxDriver.<init>(FirefoxDriver.java:95)
	at com.hs.tests.LoginPage.setup(LoginPage.java:24)
	at sun.reflect.NativeMethodAccessorImpl.invoke0(Native Method)
	at sun.reflect.NativeMethodAccessorImpl.invoke(NativeMethodAccessorImpl.java:62)
	at sun.reflect.DelegatingMethodAccessorImpl.invoke(DelegatingMethodAccessorImpl.java:43)
	at java.lang.reflect.Method.invoke(Method.java:497)
	at org.testng.internal.MethodInvocationHelper.invokeMethod(MethodInvocationHelper.java:84)
	at org.testng.internal.Invoker.invokeConfigurationMethod(Invoker.java:564)
	at org.testng.internal.Invoker.invokeConfigurations(Invoker.java:213)
	at org.testng.internal.Invoker.invokeConfigurations(Invoker.java:138)
	at org.testng.TestRunner.beforeRun(TestRunner.java:641)
	at org.testng.TestRunner.run(TestRunner.java:609)
	at org.testng.SuiteRunner.runTest(SuiteRunner.java:334)
	at org.testng.SuiteRunner.runSequentially(SuiteRunner.java:329)
	at org.testng.SuiteRunner.privateRun(SuiteRunner.java:291)
	at org.testng.SuiteRunner.run(SuiteRunner.java:240)
	at org.testng.SuiteRunnerWorker.runSuite(SuiteRunnerWorker.java:52)
	at org.testng.SuiteRunnerWorker.run(SuiteRunnerWorker.java:86)
	at org.testng.TestNG.runSuitesSequentially(TestNG.java:1224)
	at org.testng.TestNG.runSuitesLocally(TestNG.java:1149)
	at org.testng.TestNG.run(TestNG.java:1057)
	at org.testng.remote.RemoteTestNG.run(RemoteTestNG.java:111)
	at org.testng.remote.RemoteTestNG.initAndRun(RemoteTestNG.java:204)
	at org.testng.remote.RemoteTestNG.main(RemoteTestNG.java:175)
Caused by: org.openqa.selenium.firefox.NotConnectedException: Unable to connect to host 127.0.0.1 on port 7055 after 45000 ms. Firefox console output:
76439304	addons.xpi	DEBUG	getModTime: Recursive scan of {972ce4c6-7e08-4474-a285-3208198ce6fd}
1458276439305	addons.xpi	DEBUG	Existing add-on {972ce4c6-7e08-4474-a285-3208198ce6fd} in app-global
1458276439305	addons.xpi	DEBUG	Existing add-on adapter@gingersoftware.com in winreg-app-global
1458276439305	addons.xpi	DEBUG	getInstallState changed: false, state: {"app-profile":{"fxdriver@googlecode.com":{"d":"C:\\Users\\MANJUN~1\\AppData\\Local\\Temp\\anonymous6839649628867850150webdriver-profile\\extensions\\fxdriver@googlecode.com","e":false,"v":"2.45.0","st":1458276437708,"mt":1458276437693}},"app-global":{"{972ce4c6-7e08-4474-a285-3208198ce6fd}":{"d":"C:\\Program Files (x86)\\Mozilla Firefox\\browser\\extensions\\{972ce4c6-7e08-4474-a285-3208198ce6fd}","e":true,"v":"44.0.2","st":1455705151660,"mt":1455705151544}},"winreg-app-global":{"adapter@gingersoftware.com":{"d":"C:\\Program Files (x86)\\Ginger\\Mozilla\\adapter@gingersoftware.com","e":false,"v":"0.1","st":1439370523321,"mt":1438605848000}}}
1458276439306	addons.xpi	DEBUG	No changes found
1458276439311	addons.manager	DEBUG	Registering shutdown blocker for XPIProvider
1458276439311	addons.manager	DEBUG	Provider finished startup: XPIProvider
1458276439311	addons.manager	DEBUG	Starting provider: LightweightThemeManager
1458276439311	addons.manager	DEBUG	Registering shutdown blocker for LightweightThemeManager
1458276439311	addons.manager	DEBUG	Provider finished startup: LightweightThemeManager
1458276439312	addons.manager	DEBUG	Starting provider: GMPProvider
1458276439315	addons.manager	DEBUG	Registering shutdown blocker for GMPProvider
1458276439315	addons.manager	DEBUG	Provider finished startup: GMPProvider
1458276439315	addons.manager	DEBUG	Starting provider: PluginProvider
1458276439315	addons.manager	DEBUG	Registering shutdown blocker for PluginProvider
1458276439315	addons.manager	DEBUG	Provider finished startup: PluginProvider
1458276439315	addons.manager	DEBUG	Completed startup sequence
Crash Annotation GraphicsCriticalError: |[0][GFX1-]: PossiblyBrokenSurfaceSharing_UnexpectedAMDGPU[GFX1-]: PossiblyBrokenSurfaceSharing_UnexpectedAMDGPU
Crash Annotation GraphicsCriticalError: |[0][GFX1-]: PossiblyBrokenSurfaceSharing_UnexpectedAMDGPU|[1][GFX1-]: PossiblyBrokenSurfaceSharing_UnexpectedAMDGPU[GFX1-]: PossiblyBrokenSurfaceSharing_UnexpectedAMDGPU
1458276439403	addons.xpi-utils	DEBUG	Starting async load of XPI database C:\Users\MANJUN~1\AppData\Local\Temp\anonymous6839649628867850150webdriver-profile\extensions.json
*** Blocklist::_loadBlocklistFromFile: blocklist is disabled
1458276439473	addons.manager	DEBUG	Starting provider: <unnamed-provider>
1458276439473	addons.manager	DEBUG	Registering shutdown blocker for <unnamed-provider>
1458276439473	addons.manager	DEBUG	Provider finished startup: <unnamed-provider>
1458276439533	addons.xpi-utils	DEBUG	Async JSON file read took 0 MS
1458276439533	addons.xpi-utils	DEBUG	Finished async read of XPI database, parsing...
1458276439534	addons.xpi-utils	DEBUG	Successfully read XPI database
1458276439576	addons.manager	DEBUG	Starting provider: PreviousExperimentProvider
1458276439576	addons.manager	DEBUG	Registering shutdown blocker for PreviousExperimentProvider
1458276439577	addons.manager	DEBUG	Provider finished startup: PreviousExperimentProvider
1458276442954	addons.manager	DEBUG	shutdown
1458276442954	addons.manager	DEBUG	Calling shutdown blocker for XPIProvider
1458276442954	addons.xpi	DEBUG	shutdown
1458276442954	addons.xpi-utils	DEBUG	shutdown
1458276442954	addons.manager	DEBUG	Calling shutdown blocker for LightweightThemeManager
1458276442955	addons.manager	DEBUG	Calling shutdown blocker for GMPProvider
1458276442955	addons.manager	DEBUG	Calling shutdown blocker for PluginProvider
1458276442956	addons.manager	DEBUG	Calling shutdown blocker for <unnamed-provider>
1458276442956	addons.manager	DEBUG	Calling shutdown blocker for PreviousExperimentProvider
1458276442958	addons.xpi	DEBUG	Notifying XPI shutdown observers
1458276442961	addons.manager	DEBUG	Async provider shutdown done

	at org.openqa.selenium.firefox.internal.NewProfileExtensionConnection.start(NewProfileExtensionConnection.java:118)
	... 29 more
]]>
    </failure>
  </testcase> <!-- LoginScrron -->
</testsuite> <!-- com.hs.tests.LoginPage -->
