<?xml version="1.0" encoding="UTF-8"?>
<!-- Generated by org.testng.reporters.JUnitReportReporter -->
<testsuite hostname="QSIH-00493" name="com.hs.tests.LoginTest" tests="1" failures="0" timestamp="1 Jun 2016 11:57:51 GMT" time="21.599" errors="0">
  <testcase name="EmployerDetails" time="21.599" classname="com.hs.tests.LoginTest"/>
</testsuite> <!-- com.hs.tests.LoginTest -->
