<?xml version="1.0" encoding="UTF-8"?>
<!-- Generated by org.testng.reporters.JUnitReportReporter -->
<testsuite hostname="QSIH-00493" name="com.hs.tests.LoginTest" tests="1" failures="0" timestamp="13 May 2016 05:11:36 GMT" time="10.180" errors="0">
  <testcase name="clickonSubmitButton" time="10.180" classname="com.hs.tests.LoginTest"/>
</testsuite> <!-- com.hs.tests.LoginTest -->
