<?xml version="1.0" encoding="UTF-8"?>
<!-- Generated by org.testng.reporters.JUnitReportReporter -->
<testsuite hostname="QSIH-00493" name="com.hs.tests.LoginTest" tests="1" failures="0" timestamp="16 May 2016 09:20:24 GMT" time="9.840" errors="0">
  <testcase name="clickonSubmitButton" time="9.840" classname="com.hs.tests.LoginTest"/>
</testsuite> <!-- com.hs.tests.LoginTest -->
